<?xml version="1.0" encoding="UTF-8"?>
<!-- Generated by org.testng.reporters.JUnitReportReporter -->
<testsuite skipped="0" hostname="Nalini-Laptop" name="com.TestScenarios.FB_Login" tests="1" failures="0" timestamp="23 May 2019 02:56:08 GMT" time="12.391" errors="0">
  <testcase name="login" time="12.391" classname="com.TestScenarios.FB_Login"/>
</testsuite> <!-- com.TestScenarios.FB_Login -->
